[debug] [2023-02-22T11:02:09.773Z] ----------------------------------------------------------------------
[debug] [2023-02-22T11:02:09.774Z] Command:       C:\Program Files\nodejs\node.exe C:\Users\lukeb\AppData\Roaming\npm\node_modules\firebase-tools\lib\bin\firebase.js init
[debug] [2023-02-22T11:02:09.775Z] CLI Version:   11.23.1
[debug] [2023-02-22T11:02:09.775Z] Platform:      win32
[debug] [2023-02-22T11:02:09.775Z] Node Version:  v18.13.0
[debug] [2023-02-22T11:02:09.776Z] Time:          Wed Feb 22 2023 11:02:09 GMT+0000 (Greenwich Mean Time)
[debug] [2023-02-22T11:02:09.776Z] ----------------------------------------------------------------------
[debug] 
[debug] [2023-02-22T11:02:09.782Z] > command requires scopes: ["email","openid","https://www.googleapis.com/auth/cloudplatformprojects.readonly","https://www.googleapis.com/auth/firebase","https://www.googleapis.com/auth/cloud-platform"]
[debug] [2023-02-22T11:02:09.782Z] > authorizing via signed-in user (bassettlukej@gmail.com)
[info] 
     ######## #### ########  ######## ########     ###     ######  ########
     ##        ##  ##     ## ##       ##     ##  ##   ##  ##       ##
     ######    ##  ########  ######   ########  #########  ######  ######
     ##        ##  ##    ##  ##       ##     ## ##     ##       ## ##
     ##       #### ##     ## ######## ########  ##     ##  ######  ########

You're about to initialize a Firebase project in this directory:

  C:\Users\lukeb\Documents\Work\Portfolio Development\lukes portfolio

[info] 
=== Project Setup
[info] 
[info] First, let's associate this project directory with a Firebase project.
[info] You can create multiple project aliases by running firebase use --add, 
[info] but for now we'll just set up a default project.
[info] 
[debug] [2023-02-22T11:02:49.922Z] > refreshing access token with scopes: []
[debug] [2023-02-22T11:02:49.924Z] >>> [apiv2][query] POST https://www.googleapis.com/oauth2/v3/token [none]
[debug] [2023-02-22T11:02:49.924Z] >>> [apiv2][body] POST https://www.googleapis.com/oauth2/v3/token [omitted]
[debug] [2023-02-22T11:02:50.094Z] <<< [apiv2][status] POST https://www.googleapis.com/oauth2/v3/token 200
[debug] [2023-02-22T11:02:50.095Z] <<< [apiv2][body] POST https://www.googleapis.com/oauth2/v3/token [omitted]
[debug] [2023-02-22T11:02:50.146Z] >>> [apiv2][query] GET https://firebase.googleapis.com/v1beta1/projects pageSize=100
[debug] [2023-02-22T11:02:50.627Z] <<< [apiv2][status] GET https://firebase.googleapis.com/v1beta1/projects 200
[debug] [2023-02-22T11:02:50.627Z] <<< [apiv2][body] GET https://firebase.googleapis.com/v1beta1/projects [omitted]
[info] i  Using project lukes-portfolio-e0b34 (lukes portfolio) 
[info] 
=== Hosting Setup
[info] 
[info] Your public directory is the folder (relative to your project directory) that
[info] will contain Hosting assets to be uploaded with firebase deploy. If you
[info] have a build process for your assets, use your build's output directory.
[info] 
[info] +  Wrote public/404.html 
[debug] [2023-02-22T11:03:26.848Z] >>> [apiv2][query] GET https://www.gstatic.com/firebasejs/releases.json [none]
[debug] [2023-02-22T11:03:26.959Z] <<< [apiv2][status] GET https://www.gstatic.com/firebasejs/releases.json 200
[debug] [2023-02-22T11:03:26.959Z] <<< [apiv2][body] GET https://www.gstatic.com/firebasejs/releases.json {"current":{"version":"9.17.1","browserURL":"https://www.gstatic.com/firebasejs/9.17.1/firebase.js","packageURL":"https://www.gstatic.com/firebasejs/9.17.1/firebase.tgz"},"live":{"version":"9.17","browserURL":"https://www.gstatic.com/firebasejs/live/9.17/firebase.js","packageURL":"https://www.gstatic.com/firebasejs/live/9.17/firebase.tgz"},"components":{"analytics":"https://www.gstatic.com/firebasejs/9.17.1/firebase-analytics.js","app":"https://www.gstatic.com/firebasejs/9.17.1/firebase-app.js","app-check":"https://www.gstatic.com/firebasejs/9.17.1/firebase-app-check.js","auth":"https://www.gstatic.com/firebasejs/9.17.1/firebase-auth.js","auth/cordova":"https://www.gstatic.com/firebasejs/9.17.1/firebase-auth/cordova.js","auth/react-native":"https://www.gstatic.com/firebasejs/9.17.1/firebase-auth/react-native.js","functions":"https://www.gstatic.com/firebasejs/9.17.1/firebase-functions.js","firestore":"https://www.gstatic.com/firebasejs/9.17.1/firebase-firestore.js","firestore/lite":"https://www.gstatic.com/firebasejs/9.17.1/firebase-firestore/lite.js","installations":"https://www.gstatic.com/firebasejs/9.17.1/firebase-installations.js","storage":"https://www.gstatic.com/firebasejs/9.17.1/firebase-storage.js","performance":"https://www.gstatic.com/firebasejs/9.17.1/firebase-performance.js","remote-config":"https://www.gstatic.com/firebasejs/9.17.1/firebase-remote-config.js","messaging":"https://www.gstatic.com/firebasejs/9.17.1/firebase-messaging.js","messaging/sw":"https://www.gstatic.com/firebasejs/9.17.1/firebase-messaging/sw.js","database":"https://www.gstatic.com/firebasejs/9.17.1/firebase-database.js","firestore.memory":"https://www.gstatic.com/firebasejs/9.17.1/firebase-firestore.memory.js"}}
[info] +  Wrote public/index.html 
[info] 
[info] i  Didn't detect a .git folder. Assuming C:\Users\lukeb\Documents\Work\Portfolio Development\lukes portfolio is the project root. 
[info] i  Authorizing with GitHub to upload your service account to a GitHub repository's secrets store. 
[info] 
[info] Visit this URL on this device to log in:
[info] https://github.com/login/oauth/authorize?client_id=89cf50f02ac6aaed3484&state=995954488&redirect_uri=http%3A%2F%2Flocalhost%3A9005&scope=read%3Auser%20repo%20public_repo
[info] 
[info] Waiting for authentication...
[debug] [2023-02-22T11:03:27.679Z] >>> [apiv2][query] POST https://github.com/login/oauth/access_token [none]
[debug] [2023-02-22T11:03:27.679Z] >>> [apiv2][body] POST https://github.com/login/oauth/access_token [stream]
[debug] [2023-02-22T11:03:28.023Z] <<< [apiv2][status] POST https://github.com/login/oauth/access_token 200
[debug] [2023-02-22T11:03:28.023Z] <<< [apiv2][body] POST https://github.com/login/oauth/access_token {"access_token":"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","token_type":"bearer","scope":"read:user,repo"}
[debug] [2023-02-22T11:03:28.028Z] >>> [apiv2][query] GET https://api.github.com/user [none]
[debug] [2023-02-22T11:03:28.661Z] <<< [apiv2][status] GET https://api.github.com/user 200
[debug] [2023-02-22T11:03:28.661Z] <<< [apiv2][body] GET https://api.github.com/user {"login":"bassett-luke","id":112567954,"node_id":"U_kgDOBrWmkg","avatar_url":"https://avatars.githubusercontent.com/u/112567954?v=4","gravatar_id":"","url":"https://api.github.com/users/bassett-luke","html_url":"https://github.com/bassett-luke","followers_url":"https://api.github.com/users/bassett-luke/followers","following_url":"https://api.github.com/users/bassett-luke/following{/other_user}","gists_url":"https://api.github.com/users/bassett-luke/gists{/gist_id}","starred_url":"https://api.github.com/users/bassett-luke/starred{/owner}{/repo}","subscriptions_url":"https://api.github.com/users/bassett-luke/subscriptions","organizations_url":"https://api.github.com/users/bassett-luke/orgs","repos_url":"https://api.github.com/users/bassett-luke/repos","events_url":"https://api.github.com/users/bassett-luke/events{/privacy}","received_events_url":"https://api.github.com/users/bassett-luke/received_events","type":"User","site_admin":false,"name":"Luke Bassett","company":null,"blog":"https://bassett-luke.github.io/my-portfolio/","location":"England","email":null,"hireable":null,"bio":"Having finished my Computing HND course in 2022 (Grade Distinction). I am now looking for my first job as a Junior Front End Developer","twitter_username":"Luke_Bassett4","public_repos":3,"public_gists":0,"followers":0,"following":0,"created_at":"2022-08-31T14:58:33Z","updated_at":"2023-02-13T15:47:58Z","private_gists":0,"total_private_repos":1,"owned_private_repos":1,"disk_usage":3709,"collaborators":0,"two_factor_authentication":false,"plan":{"name":"free","space":976562499,"collaborators":0,"private_repos":10000}}
[info] 
[info] +  Success! Logged into GitHub as bassett-luke 
[info] 
